<?xml version="1.0" encoding="UTF-8"?>
<testsuite xmlns:xsi="http://www.w3.org/2001/XMLSchema-instance" xsi:noNamespaceSchemaLocation="https://maven.apache.org/surefire/maven-surefire-plugin/xsd/surefire-test-report.xsd" name="com.overtone.requests.TestRequestConfig" time="0.051" tests="4" errors="0" skipped="0" failures="0">
  <properties>
[...]
</properties>
  <testcase name="testType" classname="com.overtone.requests.TestRequestConfig" time="0.04"/>
  <testcase name="testVersion" classname="com.overtone.requests.TestRequestConfig" time="0.001"/>
  <testcase name="testServerName" classname="com.overtone.requests.TestRequestConfig" time="0.001"/>
  <testcase name="testSupportedRequests" classname="com.overtone.requests.TestRequestConfig" time="0.001"/>
</testsuite>